<?xml version="1.0" encoding="UTF-8"?>
<!-- Generated by org.testng.reporters.JUnitReportReporter -->
<testsuite skipped="0" hostname="myin-ПК" name="home.lux.AppTest" tests="1" failures="0" timestamp="21 окт 2017 13:35:04 GMT" time="0.010" errors="0">
  <testcase name="deleteEntyTest" time="0.010" classname="home.lux.AppTest"/>
</testsuite> <!-- home.lux.AppTest -->
